<?xml version="1.0" encoding="UTF-8"?>
<testng-results skipped="0" failed="0" ignored="0" total="1" passed="1">
  <reporter-output>
  </reporter-output>
  <suite name="Suite" duration-ms="13768" started-at="2023-03-16T09:49:23Z" finished-at="2023-03-16T09:49:36Z">
    <groups>
    </groups>
    <test name="Test" duration-ms="13768" started-at="2023-03-16T09:49:23Z" finished-at="2023-03-16T09:49:36Z">
      <class name="com.lambdatest.TestNGTodo5">
        <test-method status="PASS" signature="setup(java.lang.reflect.Method, org.testng.ITestContext)[pri:0, instance:com.lambdatest.TestNGTodo5@96532d6]" name="setup" is-config="true" duration-ms="9258" started-at="2023-03-16T09:49:23Z" finished-at="2023-03-16T09:49:32Z">
          <params>
            <param index="0">
              <value>
                <![CDATA[public void com.lambdatest.TestNGTodo5.basicTest() throws java.lang.InterruptedException]]>
              </value>
            </param>
            <param index="1">
              <value>
                <![CDATA[org.testng.TestRunner@59e84876]]>
              </value>
            </param>
          </params>
          <reporter-output>
          </reporter-output>
        </test-method> <!-- setup -->
        <test-method status="PASS" signature="basicTest()[pri:0, instance:com.lambdatest.TestNGTodo5@96532d6]" name="basicTest" duration-ms="2121" started-at="2023-03-16T09:49:32Z" finished-at="2023-03-16T09:49:34Z">
          <reporter-output>
          </reporter-output>
        </test-method> <!-- basicTest -->
        <test-method status="PASS" signature="tearDown()[pri:0, instance:com.lambdatest.TestNGTodo5@96532d6]" name="tearDown" is-config="true" duration-ms="2354" started-at="2023-03-16T09:49:34Z" finished-at="2023-03-16T09:49:36Z">
          <reporter-output>
          </reporter-output>
        </test-method> <!-- tearDown -->
      </class> <!-- com.lambdatest.TestNGTodo5 -->
    </test> <!-- Test -->
  </suite> <!-- Suite -->
</testng-results>
